\BOOKMARK [1][]{section*.1}{\376\377\000C\000o\000n\000t\000a\000c\000t\000\040\000I\000n\000f\000o\000r\000m\000a\000t\000i\000o\000n}{}% 1
\BOOKMARK [1][]{section*.2}{\376\377\000S\000u\000m\000m\000a\000r\000y}{}% 2
\BOOKMARK [1][]{section*.3}{\376\377\000E\000x\000p\000e\000r\000i\000e\000n\000c\000e\000s}{}% 3
\BOOKMARK [2][]{section*.4}{\376\377\000T\000o\000b\000i\000i\000\040\000A\000B\000,\000\040\000D\000a\000n\000d\000e\000r\000y\000d\000,\000\040\000S\000w\000e\000d\000e\000n}{section*.3}% 4
\BOOKMARK [2][]{section*.5}{\376\377\000K\000T\000H\000\040\000R\000o\000y\000a\000l\000\040\000I\000n\000s\000t\000i\000t\000u\000t\000e\000\040\000o\000f\000\040\000T\000e\000c\000h\000n\000o\000l\000o\000g\000y\000,\000\040\000S\000t\000o\000c\000k\000h\000o\000l\000m\000,\000\040\000S\000w\000e\000d\000e\000n}{section*.3}% 5
\BOOKMARK [2][]{section*.6}{\376\377\000G\000o\000v\000e\000r\000n\000m\000e\000n\000t\000\040\000P\000o\000l\000y\000t\000e\000c\000h\000n\000i\000c\000,\000\040\000K\000o\000d\000e\000r\000m\000a\000,\000\040\000I\000n\000d\000i\000a}{section*.3}% 6
\BOOKMARK [1][]{section*.7}{\376\377\000E\000d\000u\000c\000a\000t\000i\000o\000n}{}% 7
\BOOKMARK [2][]{section*.8}{\376\377\000I\000n\000d\000i\000a\000n\000\040\000I\000n\000s\000t\000i\000t\000u\000t\000e\000\040\000o\000f\000\040\000T\000e\000c\000h\000n\000o\000l\000o\000g\000y\000,\000\040\000K\000h\000a\000r\000a\000g\000p\000u\000r\000,\000\040\000I\000n\000d\000i\000a}{section*.7}% 8
\BOOKMARK [2][]{section*.9}{\376\377\000R\000a\000n\000c\000h\000i\000\040\000U\000n\000i\000v\000e\000r\000s\000i\000t\000y\000,\000\040\000R\000a\000n\000c\000h\000i\000,\000\040\000I\000n\000d\000i\000a}{section*.7}% 9
\BOOKMARK [1][]{section*.10}{\376\377\000C\000e\000r\000t\000i\000f\000i\000c\000a\000t\000i\000o\000n\000s}{}% 10
\BOOKMARK [2][]{section*.11}{\376\377\000d\000e\000e\000p\000l\000e\000a\000r\000n\000i\000n\000g\000.\000a\000i}{section*.10}% 11
\BOOKMARK [2][]{section*.12}{\376\377\000U\000n\000i\000v\000e\000r\000s\000i\000t\000y\000\040\000o\000f\000\040\000M\000i\000c\000h\000i\000g\000a\000n}{section*.10}% 12
\BOOKMARK [2][]{section*.13}{\376\377\000S\000c\000r\000u\000m\000\040\000A\000l\000l\000i\000a\000n\000c\000e}{section*.10}% 13
\BOOKMARK [2][]{section*.14}{\376\377\000I\000n\000d\000i\000a\000n\000\040\000I\000n\000s\000t\000i\000t\000u\000t\000e\000\040\000o\000f\000\040\000T\000e\000c\000h\000n\000o\000l\000o\000g\000y\000,\000\040\000K\000h\000a\000r\000a\000g\000p\000u\000r\000,\000\040\000I\000n\000d\000i\000a}{section*.10}% 14
\BOOKMARK [1][]{section*.15}{\376\377\000A\000c\000h\000i\000e\000v\000e\000m\000e\000n\000t\000s}{}% 15
\BOOKMARK [1][]{section*.16}{\376\377\000C\000o\000m\000p\000e\000t\000e\000n\000c\000i\000e\000s}{}% 16
\BOOKMARK [2][]{section*.17}{\376\377\000M\000a\000n\000a\000g\000e\000m\000e\000n\000t}{section*.16}% 17
\BOOKMARK [2][]{section*.18}{\376\377\000T\000e\000c\000h\000n\000i\000c\000a\000l}{section*.16}% 18
\BOOKMARK [1][]{section*.19}{\376\377\000P\000a\000t\000e\000n\000t\000s}{}% 19
\BOOKMARK [2][]{section*.20}{\376\377\000I\000s\000s\000u\000e\000d}{section*.19}% 20
\BOOKMARK [2][]{section*.21}{\376\377\000P\000u\000b\000l\000i\000s\000h\000e\000d}{section*.19}% 21
\BOOKMARK [1][]{section*.22}{\376\377\000P\000u\000b\000l\000i\000c\000a\000t\000i\000o\000n\000s}{}% 22
\BOOKMARK [2][]{section*.23}{\376\377\000P\000r\000e\000p\000r\000i\000n\000t\000s}{section*.22}% 23
\BOOKMARK [2][]{section*.24}{\376\377\000R\000e\000f\000e\000r\000e\000e\000d\000\040\000j\000o\000u\000r\000n\000a\000l\000\040\000a\000r\000t\000i\000c\000l\000e\000s}{section*.22}% 24
\BOOKMARK [2][]{section*.25}{\376\377\000R\000e\000f\000e\000r\000e\000e\000d\000\040\000c\000o\000n\000f\000e\000r\000e\000n\000c\000e\000\040\000a\000r\000t\000i\000c\000l\000e\000s}{section*.22}% 25
\BOOKMARK [2][]{section*.26}{\376\377\000T\000e\000c\000h\000n\000i\000c\000a\000l\000\040\000r\000e\000p\000o\000r\000t\000s}{section*.22}% 26
\BOOKMARK [2][]{section*.27}{\376\377\000C\000o\000n\000f\000e\000r\000e\000n\000c\000e\000\040\000a\000b\000s\000t\000r\000a\000c\000t\000s}{section*.22}% 27
\BOOKMARK [2][]{section*.28}{\376\377\000D\000i\000s\000s\000e\000r\000t\000a\000t\000i\000o\000n\000s}{section*.22}% 28
\BOOKMARK [1][]{section*.29}{\376\377\000T\000a\000l\000k\000s}{}% 29
\BOOKMARK [1][]{section*.30}{\376\377\000M\000e\000d\000i\000a\000\040\000C\000o\000v\000e\000r\000a\000g\000e}{}% 30
